<?xml version="1.0" encoding="UTF-8"?>
<!-- Generated by org.testng.reporters.JUnitReportReporter -->
<testsuite hostname="LAPTOP-0HVVRE1F" failures="0" tests="1" name="vtiger.ContactsTests.CreateContactWithOrgTest" time="31.737" errors="0" timestamp="2022-09-24T00:49:30 IST" skipped="0">
  <testcase classname="vtiger.ContactsTests.CreateContactWithOrgTest" name="createContactWithOrgTest" time="31.737"/>
  <system-out>
    <![CDATA[Organization link clicked
create org Look Up image clicked
New Organization created
Contacts link clicked
create Contact Look Up image clicked
new contact with organization created]]>
  </system-out>
</testsuite> <!-- vtiger.ContactsTests.CreateContactWithOrgTest -->
